  Compiling CUDA source file mosaic.cu...
  
  D:\visualWorkSpace\projects\assignment_GPUs_part2\assignment_GPUs_part2>"C:\Program Files\NVIDIA GPU Computing Toolkit\CUDA\v9.2\bin\nvcc.exe" -gencode=arch=compute_30,code=\"sm_30,compute_30\" --use-local-env -ccbin "C:\Program Files (x86)\Microsoft Visual Studio\2017\Community\VC\Tools\MSVC\14.10.25017\bin\HostX86\x64" -x cu  -I"C:\Program Files\NVIDIA GPU Computing Toolkit\CUDA\v9.2\include" -I"C:\Program Files\NVIDIA GPU Computing Toolkit\CUDA\v9.2\include"     --keep-dir x64\Release -maxrregcount=0  --machine 64 --compile -cudart static     -DWIN32 -DWIN64 -DNDEBUG -D_CONSOLE -D_MBCS -Xcompiler "/EHsc /W3 /nologo /O2 /Fdx64\Release\vc141.pdb /FS /Zi  /MD " -o x64\Release\mosaic.cu.obj "D:\visualWorkSpace\projects\assignment_GPUs_part2\assignment_GPUs_part2\mosaic.cu" 
c:\program files\nvidia gpu computing toolkit\cuda\v9.2\include\crt\math_functions.h : warning C4819: The file contains a character that cannot be represented in the current code page (936). Save the file in Unicode format to prevent data loss
c:\program files\nvidia gpu computing toolkit\cuda\v9.2\include\crt\math_functions.h(831): warning C4819: The file contains a character that cannot be represented in the current code page (936). Save the file in Unicode format to prevent data loss
c:\program files\nvidia gpu computing toolkit\cuda\v9.2\include\crt\math_functions.h(1769): warning C4819: The file contains a character that cannot be represented in the current code page (936). Save the file in Unicode format to prevent data loss
c:\program files\nvidia gpu computing toolkit\cuda\v9.2\include\crt\math_functions.h(2624): warning C4819: The file contains a character that cannot be represented in the current code page (936). Save the file in Unicode format to prevent data loss
c:\program files\nvidia gpu computing toolkit\cuda\v9.2\include\crt\math_functions.h(3462): warning C4819: The file contains a character that cannot be represented in the current code page (936). Save the file in Unicode format to prevent data loss
c:\program files\nvidia gpu computing toolkit\cuda\v9.2\include\crt\math_functions.h(4411): warning C4819: The file contains a character that cannot be represented in the current code page (936). Save the file in Unicode format to prevent data loss
c:\program files\nvidia gpu computing toolkit\cuda\v9.2\include\crt\math_functions.h(5309): warning C4819: The file contains a character that cannot be represented in the current code page (936). Save the file in Unicode format to prevent data loss
c:\program files\nvidia gpu computing toolkit\cuda\v9.2\include\crt\math_functions.h(6217): warning C4819: The file contains a character that cannot be represented in the current code page (936). Save the file in Unicode format to prevent data loss
c:\program files\nvidia gpu computing toolkit\cuda\v9.2\include\crt\math_functions.h(7097): warning C4819: The file contains a character that cannot be represented in the current code page (936). Save the file in Unicode format to prevent data loss
c:\program files\nvidia gpu computing toolkit\cuda\v9.2\include\crt\math_functions.h(7901): warning C4819: The file contains a character that cannot be represented in the current code page (936). Save the file in Unicode format to prevent data loss
c:\program files\nvidia gpu computing toolkit\cuda\v9.2\include\crt/device_functions.h : warning C4819: The file contains a character that cannot be represented in the current code page (936). Save the file in Unicode format to prevent data loss
c:\program files\nvidia gpu computing toolkit\cuda\v9.2\include\crt/device_functions.h(776): warning C4819: The file contains a character that cannot be represented in the current code page (936). Save the file in Unicode format to prevent data loss
c:\program files\nvidia gpu computing toolkit\cuda\v9.2\include\crt/device_functions.h(1636): warning C4819: The file contains a character that cannot be represented in the current code page (936). Save the file in Unicode format to prevent data loss
c:\program files\nvidia gpu computing toolkit\cuda\v9.2\include\crt\device_double_functions.h : warning C4819: The file contains a character that cannot be represented in the current code page (936). Save the file in Unicode format to prevent data loss
c:\program files\nvidia gpu computing toolkit\cuda\v9.2\include\sm_20_intrinsics.h : warning C4819: The file contains a character that cannot be represented in the current code page (936). Save the file in Unicode format to prevent data loss
c:\program files\nvidia gpu computing toolkit\cuda\v9.2\include\sm_20_intrinsics.h(925): warning C4819: The file contains a character that cannot be represented in the current code page (936). Save the file in Unicode format to prevent data loss
c:\program files\nvidia gpu computing toolkit\cuda\v9.2\include\crt/device_functions.h : warning C4819: The file contains a character that cannot be represented in the current code page (936). Save the file in Unicode format to prevent data loss
c:\program files\nvidia gpu computing toolkit\cuda\v9.2\include\crt/device_functions.h(776): warning C4819: The file contains a character that cannot be represented in the current code page (936). Save the file in Unicode format to prevent data loss
c:\program files\nvidia gpu computing toolkit\cuda\v9.2\include\crt/device_functions.h(1636): warning C4819: The file contains a character that cannot be represented in the current code page (936). Save the file in Unicode format to prevent data loss
D:/visualWorkSpace/projects/assignment_GPUs_part2/assignment_GPUs_part2/mosaic.cu(209): warning : conversion from a string literal to "char *" is deprecated
D:/visualWorkSpace/projects/assignment_GPUs_part2/assignment_GPUs_part2/mosaic.cu(213): warning : conversion from a string literal to "char *" is deprecated
D:/visualWorkSpace/projects/assignment_GPUs_part2/assignment_GPUs_part2/mosaic.cu(460): warning : variable "p2" was declared but never referenced
c:\program files\nvidia gpu computing toolkit\cuda\v9.2\include\crt\math_functions.h : warning C4819: The file contains a character that cannot be represented in the current code page (936). Save the file in Unicode format to prevent data loss
c:\program files\nvidia gpu computing toolkit\cuda\v9.2\include\crt\math_functions.h(831): warning C4819: The file contains a character that cannot be represented in the current code page (936). Save the file in Unicode format to prevent data loss
c:\program files\nvidia gpu computing toolkit\cuda\v9.2\include\crt\math_functions.h(1769): warning C4819: The file contains a character that cannot be represented in the current code page (936). Save the file in Unicode format to prevent data loss
c:\program files\nvidia gpu computing toolkit\cuda\v9.2\include\crt\math_functions.h(2624): warning C4819: The file contains a character that cannot be represented in the current code page (936). Save the file in Unicode format to prevent data loss
c:\program files\nvidia gpu computing toolkit\cuda\v9.2\include\crt\math_functions.h(3462): warning C4819: The file contains a character that cannot be represented in the current code page (936). Save the file in Unicode format to prevent data loss
c:\program files\nvidia gpu computing toolkit\cuda\v9.2\include\crt\math_functions.h(4411): warning C4819: The file contains a character that cannot be represented in the current code page (936). Save the file in Unicode format to prevent data loss
c:\program files\nvidia gpu computing toolkit\cuda\v9.2\include\crt\math_functions.h(5309): warning C4819: The file contains a character that cannot be represented in the current code page (936). Save the file in Unicode format to prevent data loss
c:\program files\nvidia gpu computing toolkit\cuda\v9.2\include\crt\math_functions.h(6217): warning C4819: The file contains a character that cannot be represented in the current code page (936). Save the file in Unicode format to prevent data loss
c:\program files\nvidia gpu computing toolkit\cuda\v9.2\include\crt\math_functions.h(7097): warning C4819: The file contains a character that cannot be represented in the current code page (936). Save the file in Unicode format to prevent data loss
c:\program files\nvidia gpu computing toolkit\cuda\v9.2\include\crt\math_functions.h(7901): warning C4819: The file contains a character that cannot be represented in the current code page (936). Save the file in Unicode format to prevent data loss
c:\program files\nvidia gpu computing toolkit\cuda\v9.2\include\crt/device_functions.h : warning C4819: The file contains a character that cannot be represented in the current code page (936). Save the file in Unicode format to prevent data loss
c:\program files\nvidia gpu computing toolkit\cuda\v9.2\include\crt/device_functions.h(776): warning C4819: The file contains a character that cannot be represented in the current code page (936). Save the file in Unicode format to prevent data loss
c:\program files\nvidia gpu computing toolkit\cuda\v9.2\include\crt/device_functions.h(1636): warning C4819: The file contains a character that cannot be represented in the current code page (936). Save the file in Unicode format to prevent data loss
c:\program files\nvidia gpu computing toolkit\cuda\v9.2\include\crt\device_double_functions.h : warning C4819: The file contains a character that cannot be represented in the current code page (936). Save the file in Unicode format to prevent data loss
c:\program files\nvidia gpu computing toolkit\cuda\v9.2\include\sm_20_intrinsics.h : warning C4819: The file contains a character that cannot be represented in the current code page (936). Save the file in Unicode format to prevent data loss
c:\program files\nvidia gpu computing toolkit\cuda\v9.2\include\sm_20_intrinsics.h(925): warning C4819: The file contains a character that cannot be represented in the current code page (936). Save the file in Unicode format to prevent data loss
c:\program files\nvidia gpu computing toolkit\cuda\v9.2\include\crt/device_functions.h : warning C4819: The file contains a character that cannot be represented in the current code page (936). Save the file in Unicode format to prevent data loss
c:\program files\nvidia gpu computing toolkit\cuda\v9.2\include\crt/device_functions.h(776): warning C4819: The file contains a character that cannot be represented in the current code page (936). Save the file in Unicode format to prevent data loss
c:\program files\nvidia gpu computing toolkit\cuda\v9.2\include\crt/device_functions.h(1636): warning C4819: The file contains a character that cannot be represented in the current code page (936). Save the file in Unicode format to prevent data loss
D:/visualWorkSpace/projects/assignment_GPUs_part2/assignment_GPUs_part2/mosaic.cu(209): warning : conversion from a string literal to "char *" is deprecated
D:/visualWorkSpace/projects/assignment_GPUs_part2/assignment_GPUs_part2/mosaic.cu(213): warning : conversion from a string literal to "char *" is deprecated
  mosaic.cu
D:/visualWorkSpace/projects/assignment_GPUs_part2/assignment_GPUs_part2/mosaic.cu(92): warning C4244: '=': conversion from 'clock_t' to 'float', possible loss of data
D:/visualWorkSpace/projects/assignment_GPUs_part2/assignment_GPUs_part2/mosaic.cu(101): warning C4244: '=': conversion from 'clock_t' to 'float', possible loss of data
D:/visualWorkSpace/projects/assignment_GPUs_part2/assignment_GPUs_part2/mosaic.cu(103): warning C4244: 'initializing': conversion from 'float' to 'int', possible loss of data
D:/visualWorkSpace/projects/assignment_GPUs_part2/assignment_GPUs_part2/mosaic.cu(109): warning C4244: '=': conversion from 'double' to 'float', possible loss of data
D:/visualWorkSpace/projects/assignment_GPUs_part2/assignment_GPUs_part2/mosaic.cu(116): warning C4244: '=': conversion from 'double' to 'float', possible loss of data
D:/visualWorkSpace/projects/assignment_GPUs_part2/assignment_GPUs_part2/mosaic.cu(118): warning C4244: 'initializing': conversion from 'float' to 'int', possible loss of data
D:/visualWorkSpace/projects/assignment_GPUs_part2/assignment_GPUs_part2/mosaic.cu(127): warning C4244: '=': conversion from 'clock_t' to 'float', possible loss of data
D:/visualWorkSpace/projects/assignment_GPUs_part2/assignment_GPUs_part2/mosaic.cu(132): warning C4244: '=': conversion from 'clock_t' to 'float', possible loss of data
D:/visualWorkSpace/projects/assignment_GPUs_part2/assignment_GPUs_part2/mosaic.cu(142): warning C4244: '=': conversion from 'clock_t' to 'float', possible loss of data
D:/visualWorkSpace/projects/assignment_GPUs_part2/assignment_GPUs_part2/mosaic.cu(144): warning C4244: '=': conversion from 'clock_t' to 'float', possible loss of data
D:/visualWorkSpace/projects/assignment_GPUs_part2/assignment_GPUs_part2/mosaic.cu(146): warning C4244: 'initializing': conversion from 'float' to 'int', possible loss of data
D:/visualWorkSpace/projects/assignment_GPUs_part2/assignment_GPUs_part2/mosaic.cu(151): warning C4244: '=': conversion from 'double' to 'float', possible loss of data
D:/visualWorkSpace/projects/assignment_GPUs_part2/assignment_GPUs_part2/mosaic.cu(153): warning C4244: '=': conversion from 'double' to 'float', possible loss of data
D:/visualWorkSpace/projects/assignment_GPUs_part2/assignment_GPUs_part2/mosaic.cu(155): warning C4244: '=': conversion from 'float' to 'int', possible loss of data
D:/visualWorkSpace/projects/assignment_GPUs_part2/assignment_GPUs_part2/mosaic.cu(161): warning C4244: '=': conversion from 'clock_t' to 'float', possible loss of data
D:/visualWorkSpace/projects/assignment_GPUs_part2/assignment_GPUs_part2/mosaic.cu(163): warning C4244: '=': conversion from 'clock_t' to 'float', possible loss of data
D:/visualWorkSpace/projects/assignment_GPUs_part2/assignment_GPUs_part2/mosaic.cu(234): warning C4018: '>': signed/unsigned mismatch
D:/visualWorkSpace/projects/assignment_GPUs_part2/assignment_GPUs_part2/mosaic.cu(235): warning C4474: 'fprintf' : too many arguments passed for format string
  D:/visualWorkSpace/projects/assignment_GPUs_part2/assignment_GPUs_part2/mosaic.cu(235): note: placeholders and their parameters expect 0 variadic arguments, but 1 were provided
D:/visualWorkSpace/projects/assignment_GPUs_part2/assignment_GPUs_part2/mosaic.cu(263): warning C4477: 'fscanf' : format string '%d' requires an argument of type 'int *', but variadic argument 1 has type 'unsigned char *'
  D:/visualWorkSpace/projects/assignment_GPUs_part2/assignment_GPUs_part2/mosaic.cu(263): note: consider using '%hhd' in the format string
D:/visualWorkSpace/projects/assignment_GPUs_part2/assignment_GPUs_part2/mosaic.cu(263): warning C4477: 'fscanf' : format string '%d' requires an argument of type 'int *', but variadic argument 2 has type 'unsigned char *'
  D:/visualWorkSpace/projects/assignment_GPUs_part2/assignment_GPUs_part2/mosaic.cu(263): note: consider using '%hhd' in the format string
D:/visualWorkSpace/projects/assignment_GPUs_part2/assignment_GPUs_part2/mosaic.cu(263): warning C4477: 'fscanf' : format string '%d' requires an argument of type 'int *', but variadic argument 3 has type 'unsigned char *'
  D:/visualWorkSpace/projects/assignment_GPUs_part2/assignment_GPUs_part2/mosaic.cu(263): note: consider using '%hhd' in the format string
D:/visualWorkSpace/projects/assignment_GPUs_part2/assignment_GPUs_part2/mosaic.cu(362): warning C4018: '<': signed/unsigned mismatch
D:/visualWorkSpace/projects/assignment_GPUs_part2/assignment_GPUs_part2/mosaic.cu(363): warning C4018: '<': signed/unsigned mismatch
D:/visualWorkSpace/projects/assignment_GPUs_part2/assignment_GPUs_part2/mosaic.cu(379): warning C4018: '<': signed/unsigned mismatch
D:/visualWorkSpace/projects/assignment_GPUs_part2/assignment_GPUs_part2/mosaic.cu(380): warning C4018: '<': signed/unsigned mismatch
D:/visualWorkSpace/projects/assignment_GPUs_part2/assignment_GPUs_part2/mosaic.cu(496): warning C4018: '<': signed/unsigned mismatch
D:/visualWorkSpace/projects/assignment_GPUs_part2/assignment_GPUs_part2/mosaic.cu(497): warning C4018: '<': signed/unsigned mismatch
D:/visualWorkSpace/projects/assignment_GPUs_part2/assignment_GPUs_part2/mosaic.cu(515): warning C4018: '<': signed/unsigned mismatch
D:/visualWorkSpace/projects/assignment_GPUs_part2/assignment_GPUs_part2/mosaic.cu(516): warning C4018: '<': signed/unsigned mismatch
c:\program files\nvidia gpu computing toolkit\cuda\v9.2\include\crt\math_functions.h : warning C4819: The file contains a character that cannot be represented in the current code page (936). Save the file in Unicode format to prevent data loss
c:\program files\nvidia gpu computing toolkit\cuda\v9.2\include\crt\math_functions.h(831): warning C4819: The file contains a character that cannot be represented in the current code page (936). Save the file in Unicode format to prevent data loss
c:\program files\nvidia gpu computing toolkit\cuda\v9.2\include\crt\math_functions.h(1769): warning C4819: The file contains a character that cannot be represented in the current code page (936). Save the file in Unicode format to prevent data loss
c:\program files\nvidia gpu computing toolkit\cuda\v9.2\include\crt\math_functions.h(2624): warning C4819: The file contains a character that cannot be represented in the current code page (936). Save the file in Unicode format to prevent data loss
c:\program files\nvidia gpu computing toolkit\cuda\v9.2\include\crt\math_functions.h(3462): warning C4819: The file contains a character that cannot be represented in the current code page (936). Save the file in Unicode format to prevent data loss
c:\program files\nvidia gpu computing toolkit\cuda\v9.2\include\crt\math_functions.h(4411): warning C4819: The file contains a character that cannot be represented in the current code page (936). Save the file in Unicode format to prevent data loss
c:\program files\nvidia gpu computing toolkit\cuda\v9.2\include\crt\math_functions.h(5309): warning C4819: The file contains a character that cannot be represented in the current code page (936). Save the file in Unicode format to prevent data loss
c:\program files\nvidia gpu computing toolkit\cuda\v9.2\include\crt\math_functions.h(6217): warning C4819: The file contains a character that cannot be represented in the current code page (936). Save the file in Unicode format to prevent data loss
c:\program files\nvidia gpu computing toolkit\cuda\v9.2\include\crt\math_functions.h(7097): warning C4819: The file contains a character that cannot be represented in the current code page (936). Save the file in Unicode format to prevent data loss
c:\program files\nvidia gpu computing toolkit\cuda\v9.2\include\crt\math_functions.h(7901): warning C4819: The file contains a character that cannot be represented in the current code page (936). Save the file in Unicode format to prevent data loss
     Creating library D:\visualWorkSpace\projects\assignment_GPUs_part2\x64\Release\assignment_GPUs_part2.lib and object D:\visualWorkSpace\projects\assignment_GPUs_part2\x64\Release\assignment_GPUs_part2.exp
  LINK : /LTCG specified but no code generation required; remove /LTCG from the link command line to improve linker performance
  assignment_GPUs_part2.vcxproj -> D:\visualWorkSpace\projects\assignment_GPUs_part2\x64\Release\assignment_GPUs_part2.exe
  assignment_GPUs_part2.vcxproj -> D:\visualWorkSpace\projects\assignment_GPUs_part2\x64\Release\assignment_GPUs_part2.pdb (Full PDB)
