  Compiling CUDA source file mosaic.cu...
  
  D:\visualWorkSpace\projects\assignment_GPUs_part2\assignment_GPUs_part2>"C:\Program Files\NVIDIA GPU Computing Toolkit\CUDA\v9.2\bin\nvcc.exe" -gencode=arch=compute_30,code=\"sm_30,compute_30\" --use-local-env -ccbin "C:\Program Files (x86)\Microsoft Visual Studio\2017\Community\VC\Tools\MSVC\14.10.25017\bin\HostX86\x64" -x cu  -I"C:\Program Files\NVIDIA GPU Computing Toolkit\CUDA\v9.2\include" -I"C:\Program Files\NVIDIA GPU Computing Toolkit\CUDA\v9.2\include"  -G   --keep-dir x64\Debug -maxrregcount=0  --machine 64 --compile -cudart static  -g   -DWIN32 -DWIN64 -D_DEBUG -D_CONSOLE -D_MBCS -Xcompiler "/EHsc /W3 /nologo /Od /Fdx64\Debug\vc141.pdb /FS /Zi /RTC1 /MDd " -o x64\Debug\mosaic.cu.obj "D:\visualWorkSpace\projects\assignment_GPUs_part2\assignment_GPUs_part2\mosaic.cu" 
c:\program files\nvidia gpu computing toolkit\cuda\v9.2\include\crt\math_functions.h : warning C4819: The file contains a character that cannot be represented in the current code page (936). Save the file in Unicode format to prevent data loss
c:\program files\nvidia gpu computing toolkit\cuda\v9.2\include\crt\math_functions.h(831): warning C4819: The file contains a character that cannot be represented in the current code page (936). Save the file in Unicode format to prevent data loss
c:\program files\nvidia gpu computing toolkit\cuda\v9.2\include\crt\math_functions.h(1769): warning C4819: The file contains a character that cannot be represented in the current code page (936). Save the file in Unicode format to prevent data loss
c:\program files\nvidia gpu computing toolkit\cuda\v9.2\include\crt\math_functions.h(2624): warning C4819: The file contains a character that cannot be represented in the current code page (936). Save the file in Unicode format to prevent data loss
c:\program files\nvidia gpu computing toolkit\cuda\v9.2\include\crt\math_functions.h(3462): warning C4819: The file contains a character that cannot be represented in the current code page (936). Save the file in Unicode format to prevent data loss
c:\program files\nvidia gpu computing toolkit\cuda\v9.2\include\crt\math_functions.h(4411): warning C4819: The file contains a character that cannot be represented in the current code page (936). Save the file in Unicode format to prevent data loss
c:\program files\nvidia gpu computing toolkit\cuda\v9.2\include\crt\math_functions.h(5309): warning C4819: The file contains a character that cannot be represented in the current code page (936). Save the file in Unicode format to prevent data loss
c:\program files\nvidia gpu computing toolkit\cuda\v9.2\include\crt\math_functions.h(6217): warning C4819: The file contains a character that cannot be represented in the current code page (936). Save the file in Unicode format to prevent data loss
c:\program files\nvidia gpu computing toolkit\cuda\v9.2\include\crt\math_functions.h(7097): warning C4819: The file contains a character that cannot be represented in the current code page (936). Save the file in Unicode format to prevent data loss
c:\program files\nvidia gpu computing toolkit\cuda\v9.2\include\crt\math_functions.h(7901): warning C4819: The file contains a character that cannot be represented in the current code page (936). Save the file in Unicode format to prevent data loss
c:\program files\nvidia gpu computing toolkit\cuda\v9.2\include\crt/device_functions.h : warning C4819: The file contains a character that cannot be represented in the current code page (936). Save the file in Unicode format to prevent data loss
c:\program files\nvidia gpu computing toolkit\cuda\v9.2\include\crt/device_functions.h(776): warning C4819: The file contains a character that cannot be represented in the current code page (936). Save the file in Unicode format to prevent data loss
c:\program files\nvidia gpu computing toolkit\cuda\v9.2\include\crt/device_functions.h(1636): warning C4819: The file contains a character that cannot be represented in the current code page (936). Save the file in Unicode format to prevent data loss
c:\program files\nvidia gpu computing toolkit\cuda\v9.2\include\crt\device_double_functions.h : warning C4819: The file contains a character that cannot be represented in the current code page (936). Save the file in Unicode format to prevent data loss
c:\program files\nvidia gpu computing toolkit\cuda\v9.2\include\sm_20_intrinsics.h : warning C4819: The file contains a character that cannot be represented in the current code page (936). Save the file in Unicode format to prevent data loss
c:\program files\nvidia gpu computing toolkit\cuda\v9.2\include\sm_20_intrinsics.h(925): warning C4819: The file contains a character that cannot be represented in the current code page (936). Save the file in Unicode format to prevent data loss
c:\program files\nvidia gpu computing toolkit\cuda\v9.2\include\crt/device_functions.h : warning C4819: The file contains a character that cannot be represented in the current code page (936). Save the file in Unicode format to prevent data loss
c:\program files\nvidia gpu computing toolkit\cuda\v9.2\include\crt/device_functions.h(776): warning C4819: The file contains a character that cannot be represented in the current code page (936). Save the file in Unicode format to prevent data loss
c:\program files\nvidia gpu computing toolkit\cuda\v9.2\include\crt/device_functions.h(1636): warning C4819: The file contains a character that cannot be represented in the current code page (936). Save the file in Unicode format to prevent data loss
D:/visualWorkSpace/projects/assignment_GPUs_part2/assignment_GPUs_part2/mosaic.cu(76): warning : variable "q" was declared but never referenced
D:/visualWorkSpace/projects/assignment_GPUs_part2/assignment_GPUs_part2/mosaic.cu(180): warning : conversion from a string literal to "char *" is deprecated
D:/visualWorkSpace/projects/assignment_GPUs_part2/assignment_GPUs_part2/mosaic.cu(184): warning : conversion from a string literal to "char *" is deprecated
D:/visualWorkSpace/projects/assignment_GPUs_part2/assignment_GPUs_part2/mosaic.cu(294): warning : variable "p2" was declared but never referenced
D:/visualWorkSpace/projects/assignment_GPUs_part2/assignment_GPUs_part2/mosaic.cu(419): warning : variable "p2" was declared but never referenced
D:/visualWorkSpace/projects/assignment_GPUs_part2/assignment_GPUs_part2/mosaic.cu(766): warning : variable "AVERED" was declared but never referenced
D:/visualWorkSpace/projects/assignment_GPUs_part2/assignment_GPUs_part2/mosaic.cu(844): warning : variable "a" was declared but never referenced
D:/visualWorkSpace/projects/assignment_GPUs_part2/assignment_GPUs_part2/mosaic.cu(1069): warning : conversion from a string literal to "char *" is deprecated
c:\program files\nvidia gpu computing toolkit\cuda\v9.2\include\crt\math_functions.h : warning C4819: The file contains a character that cannot be represented in the current code page (936). Save the file in Unicode format to prevent data loss
c:\program files\nvidia gpu computing toolkit\cuda\v9.2\include\crt\math_functions.h(831): warning C4819: The file contains a character that cannot be represented in the current code page (936). Save the file in Unicode format to prevent data loss
c:\program files\nvidia gpu computing toolkit\cuda\v9.2\include\crt\math_functions.h(1769): warning C4819: The file contains a character that cannot be represented in the current code page (936). Save the file in Unicode format to prevent data loss
c:\program files\nvidia gpu computing toolkit\cuda\v9.2\include\crt\math_functions.h(2624): warning C4819: The file contains a character that cannot be represented in the current code page (936). Save the file in Unicode format to prevent data loss
c:\program files\nvidia gpu computing toolkit\cuda\v9.2\include\crt\math_functions.h(3462): warning C4819: The file contains a character that cannot be represented in the current code page (936). Save the file in Unicode format to prevent data loss
c:\program files\nvidia gpu computing toolkit\cuda\v9.2\include\crt\math_functions.h(4411): warning C4819: The file contains a character that cannot be represented in the current code page (936). Save the file in Unicode format to prevent data loss
c:\program files\nvidia gpu computing toolkit\cuda\v9.2\include\crt\math_functions.h(5309): warning C4819: The file contains a character that cannot be represented in the current code page (936). Save the file in Unicode format to prevent data loss
c:\program files\nvidia gpu computing toolkit\cuda\v9.2\include\crt\math_functions.h(6217): warning C4819: The file contains a character that cannot be represented in the current code page (936). Save the file in Unicode format to prevent data loss
c:\program files\nvidia gpu computing toolkit\cuda\v9.2\include\crt\math_functions.h(7097): warning C4819: The file contains a character that cannot be represented in the current code page (936). Save the file in Unicode format to prevent data loss
c:\program files\nvidia gpu computing toolkit\cuda\v9.2\include\crt\math_functions.h(7901): warning C4819: The file contains a character that cannot be represented in the current code page (936). Save the file in Unicode format to prevent data loss
c:\program files\nvidia gpu computing toolkit\cuda\v9.2\include\crt/device_functions.h : warning C4819: The file contains a character that cannot be represented in the current code page (936). Save the file in Unicode format to prevent data loss
c:\program files\nvidia gpu computing toolkit\cuda\v9.2\include\crt/device_functions.h(776): warning C4819: The file contains a character that cannot be represented in the current code page (936). Save the file in Unicode format to prevent data loss
c:\program files\nvidia gpu computing toolkit\cuda\v9.2\include\crt/device_functions.h(1636): warning C4819: The file contains a character that cannot be represented in the current code page (936). Save the file in Unicode format to prevent data loss
c:\program files\nvidia gpu computing toolkit\cuda\v9.2\include\crt\device_double_functions.h : warning C4819: The file contains a character that cannot be represented in the current code page (936). Save the file in Unicode format to prevent data loss
c:\program files\nvidia gpu computing toolkit\cuda\v9.2\include\sm_20_intrinsics.h : warning C4819: The file contains a character that cannot be represented in the current code page (936). Save the file in Unicode format to prevent data loss
c:\program files\nvidia gpu computing toolkit\cuda\v9.2\include\sm_20_intrinsics.h(925): warning C4819: The file contains a character that cannot be represented in the current code page (936). Save the file in Unicode format to prevent data loss
c:\program files\nvidia gpu computing toolkit\cuda\v9.2\include\crt/device_functions.h : warning C4819: The file contains a character that cannot be represented in the current code page (936). Save the file in Unicode format to prevent data loss
c:\program files\nvidia gpu computing toolkit\cuda\v9.2\include\crt/device_functions.h(776): warning C4819: The file contains a character that cannot be represented in the current code page (936). Save the file in Unicode format to prevent data loss
c:\program files\nvidia gpu computing toolkit\cuda\v9.2\include\crt/device_functions.h(1636): warning C4819: The file contains a character that cannot be represented in the current code page (936). Save the file in Unicode format to prevent data loss
D:/visualWorkSpace/projects/assignment_GPUs_part2/assignment_GPUs_part2/mosaic.cu(180): warning : conversion from a string literal to "char *" is deprecated
D:/visualWorkSpace/projects/assignment_GPUs_part2/assignment_GPUs_part2/mosaic.cu(184): warning : conversion from a string literal to "char *" is deprecated
D:/visualWorkSpace/projects/assignment_GPUs_part2/assignment_GPUs_part2/mosaic.cu(1069): warning : conversion from a string literal to "char *" is deprecated
  mosaic.cu
D:/visualWorkSpace/projects/assignment_GPUs_part2/assignment_GPUs_part2/mosaic.cu(91): warning C4244: '=': conversion from 'clock_t' to 'float', possible loss of data
D:/visualWorkSpace/projects/assignment_GPUs_part2/assignment_GPUs_part2/mosaic.cu(98): warning C4244: '=': conversion from 'clock_t' to 'float', possible loss of data
D:/visualWorkSpace/projects/assignment_GPUs_part2/assignment_GPUs_part2/mosaic.cu(100): warning C4244: 'initializing': conversion from 'float' to 'int', possible loss of data
D:/visualWorkSpace/projects/assignment_GPUs_part2/assignment_GPUs_part2/mosaic.cu(106): warning C4244: '=': conversion from 'double' to 'float', possible loss of data
D:/visualWorkSpace/projects/assignment_GPUs_part2/assignment_GPUs_part2/mosaic.cu(113): warning C4244: '=': conversion from 'double' to 'float', possible loss of data
D:/visualWorkSpace/projects/assignment_GPUs_part2/assignment_GPUs_part2/mosaic.cu(115): warning C4244: 'initializing': conversion from 'float' to 'int', possible loss of data
D:/visualWorkSpace/projects/assignment_GPUs_part2/assignment_GPUs_part2/mosaic.cu(124): warning C4244: '=': conversion from 'clock_t' to 'float', possible loss of data
D:/visualWorkSpace/projects/assignment_GPUs_part2/assignment_GPUs_part2/mosaic.cu(129): warning C4244: '=': conversion from 'clock_t' to 'float', possible loss of data
D:/visualWorkSpace/projects/assignment_GPUs_part2/assignment_GPUs_part2/mosaic.cu(76): warning C4101: 'q': unreferenced local variable
D:/visualWorkSpace/projects/assignment_GPUs_part2/assignment_GPUs_part2/mosaic.cu(205): warning C4018: '>': signed/unsigned mismatch
D:/visualWorkSpace/projects/assignment_GPUs_part2/assignment_GPUs_part2/mosaic.cu(206): warning C4474: 'fprintf' : too many arguments passed for format string
  D:/visualWorkSpace/projects/assignment_GPUs_part2/assignment_GPUs_part2/mosaic.cu(206): note: placeholders and their parameters expect 0 variadic arguments, but 1 were provided
D:/visualWorkSpace/projects/assignment_GPUs_part2/assignment_GPUs_part2/mosaic.cu(234): warning C4477: 'fscanf' : format string '%d' requires an argument of type 'int *', but variadic argument 1 has type 'unsigned char *'
  D:/visualWorkSpace/projects/assignment_GPUs_part2/assignment_GPUs_part2/mosaic.cu(234): note: consider using '%hhd' in the format string
D:/visualWorkSpace/projects/assignment_GPUs_part2/assignment_GPUs_part2/mosaic.cu(234): warning C4477: 'fscanf' : format string '%d' requires an argument of type 'int *', but variadic argument 2 has type 'unsigned char *'
  D:/visualWorkSpace/projects/assignment_GPUs_part2/assignment_GPUs_part2/mosaic.cu(234): note: consider using '%hhd' in the format string
D:/visualWorkSpace/projects/assignment_GPUs_part2/assignment_GPUs_part2/mosaic.cu(234): warning C4477: 'fscanf' : format string '%d' requires an argument of type 'int *', but variadic argument 3 has type 'unsigned char *'
  D:/visualWorkSpace/projects/assignment_GPUs_part2/assignment_GPUs_part2/mosaic.cu(234): note: consider using '%hhd' in the format string
D:/visualWorkSpace/projects/assignment_GPUs_part2/assignment_GPUs_part2/mosaic.cu(323): warning C4018: '<': signed/unsigned mismatch
D:/visualWorkSpace/projects/assignment_GPUs_part2/assignment_GPUs_part2/mosaic.cu(324): warning C4018: '<': signed/unsigned mismatch
D:/visualWorkSpace/projects/assignment_GPUs_part2/assignment_GPUs_part2/mosaic.cu(340): warning C4018: '<': signed/unsigned mismatch
D:/visualWorkSpace/projects/assignment_GPUs_part2/assignment_GPUs_part2/mosaic.cu(341): warning C4018: '<': signed/unsigned mismatch
D:/visualWorkSpace/projects/assignment_GPUs_part2/assignment_GPUs_part2/mosaic.cu(455): warning C4018: '<': signed/unsigned mismatch
D:/visualWorkSpace/projects/assignment_GPUs_part2/assignment_GPUs_part2/mosaic.cu(456): warning C4018: '<': signed/unsigned mismatch
D:/visualWorkSpace/projects/assignment_GPUs_part2/assignment_GPUs_part2/mosaic.cu(474): warning C4018: '<': signed/unsigned mismatch
D:/visualWorkSpace/projects/assignment_GPUs_part2/assignment_GPUs_part2/mosaic.cu(475): warning C4018: '<': signed/unsigned mismatch
D:/visualWorkSpace/projects/assignment_GPUs_part2/assignment_GPUs_part2/mosaic.cu(897): warning C4477: 'printf' : format string '%d' requires an argument of type 'int', but variadic argument 1 has type 'int *'
D:/visualWorkSpace/projects/assignment_GPUs_part2/assignment_GPUs_part2/mosaic.cu(897): warning C4313: 'printf': '%d' in format string conflicts with argument 1 of type 'int *'
D:/visualWorkSpace/projects/assignment_GPUs_part2/assignment_GPUs_part2/mosaic.cu(844): warning C4101: 'a': unreferenced local variable
c:\program files\nvidia gpu computing toolkit\cuda\v9.2\include\crt\math_functions.h : warning C4819: The file contains a character that cannot be represented in the current code page (936). Save the file in Unicode format to prevent data loss
c:\program files\nvidia gpu computing toolkit\cuda\v9.2\include\crt\math_functions.h(831): warning C4819: The file contains a character that cannot be represented in the current code page (936). Save the file in Unicode format to prevent data loss
c:\program files\nvidia gpu computing toolkit\cuda\v9.2\include\crt\math_functions.h(1769): warning C4819: The file contains a character that cannot be represented in the current code page (936). Save the file in Unicode format to prevent data loss
c:\program files\nvidia gpu computing toolkit\cuda\v9.2\include\crt\math_functions.h(2624): warning C4819: The file contains a character that cannot be represented in the current code page (936). Save the file in Unicode format to prevent data loss
c:\program files\nvidia gpu computing toolkit\cuda\v9.2\include\crt\math_functions.h(3462): warning C4819: The file contains a character that cannot be represented in the current code page (936). Save the file in Unicode format to prevent data loss
c:\program files\nvidia gpu computing toolkit\cuda\v9.2\include\crt\math_functions.h(4411): warning C4819: The file contains a character that cannot be represented in the current code page (936). Save the file in Unicode format to prevent data loss
c:\program files\nvidia gpu computing toolkit\cuda\v9.2\include\crt\math_functions.h(5309): warning C4819: The file contains a character that cannot be represented in the current code page (936). Save the file in Unicode format to prevent data loss
c:\program files\nvidia gpu computing toolkit\cuda\v9.2\include\crt\math_functions.h(6217): warning C4819: The file contains a character that cannot be represented in the current code page (936). Save the file in Unicode format to prevent data loss
c:\program files\nvidia gpu computing toolkit\cuda\v9.2\include\crt\math_functions.h(7097): warning C4819: The file contains a character that cannot be represented in the current code page (936). Save the file in Unicode format to prevent data loss
c:\program files\nvidia gpu computing toolkit\cuda\v9.2\include\crt\math_functions.h(7901): warning C4819: The file contains a character that cannot be represented in the current code page (936). Save the file in Unicode format to prevent data loss
  assignment_GPUs_part2.vcxproj -> D:\visualWorkSpace\projects\assignment_GPUs_part2\x64\Debug\assignment_GPUs_part2.exe
  assignment_GPUs_part2.vcxproj -> D:\visualWorkSpace\projects\assignment_GPUs_part2\x64\Debug\assignment_GPUs_part2.pdb (Partial PDB)
